Determining if the pthread_create exist failed with the following output:
Change Dir: /home/laurine/Documents/IMAC2/WorldIMAC/imac2-worldIMaker/build/CMakeFiles/CMakeTmp

Run Build Command:"/usr/bin/make" "cmTC_e76cb/fast"
/usr/bin/make -f CMakeFiles/cmTC_e76cb.dir/build.make CMakeFiles/cmTC_e76cb.dir/build
make[1] : on entre dans le répertoire « /home/laurine/Documents/IMAC2/WorldIMAC/imac2-worldIMaker/build/CMakeFiles/CMakeTmp »
Building C object CMakeFiles/cmTC_e76cb.dir/CheckSymbolExists.c.o
/usr/bin/cc    -o CMakeFiles/cmTC_e76cb.dir/CheckSymbolExists.c.o   -c /home/laurine/Documents/IMAC2/WorldIMAC/imac2-worldIMaker/build/CMakeFiles/CMakeTmp/CheckSymbolExists.c
Linking C executable cmTC_e76cb
/usr/bin/cmake -E cmake_link_script CMakeFiles/cmTC_e76cb.dir/link.txt --verbose=1
/usr/bin/cc      -rdynamic CMakeFiles/cmTC_e76cb.dir/CheckSymbolExists.c.o  -o cmTC_e76cb 
/usr/bin/ld : CMakeFiles/cmTC_e76cb.dir/CheckSymbolExists.c.o : dans la fonction « main » :
CheckSymbolExists.c:(.text+0x1b) : référence indéfinie vers « pthread_create »
collect2: error: ld returned 1 exit status
make[1]: *** [CMakeFiles/cmTC_e76cb.dir/build.make:87: cmTC_e76cb] Error 1
make[1] : on quitte le répertoire « /home/laurine/Documents/IMAC2/WorldIMAC/imac2-worldIMaker/build/CMakeFiles/CMakeTmp »
make: *** [Makefile:121: cmTC_e76cb/fast] Error 2

File /home/laurine/Documents/IMAC2/WorldIMAC/imac2-worldIMaker/build/CMakeFiles/CMakeTmp/CheckSymbolExists.c:
/* */
#include <pthread.h>

int main(int argc, char** argv)
{
  (void)argv;
#ifndef pthread_create
  return ((int*)(&pthread_create))[argc];
#else
  (void)argc;
  return 0;
#endif
}

Determining if the function pthread_create exists in the pthreads failed with the following output:
Change Dir: /home/laurine/Documents/IMAC2/WorldIMAC/imac2-worldIMaker/build/CMakeFiles/CMakeTmp

Run Build Command:"/usr/bin/make" "cmTC_0dec3/fast"
/usr/bin/make -f CMakeFiles/cmTC_0dec3.dir/build.make CMakeFiles/cmTC_0dec3.dir/build
make[1] : on entre dans le répertoire « /home/laurine/Documents/IMAC2/WorldIMAC/imac2-worldIMaker/build/CMakeFiles/CMakeTmp »
Building C object CMakeFiles/cmTC_0dec3.dir/CheckFunctionExists.c.o
/usr/bin/cc   -DCHECK_FUNCTION_EXISTS=pthread_create   -o CMakeFiles/cmTC_0dec3.dir/CheckFunctionExists.c.o   -c /usr/share/cmake-3.13/Modules/CheckFunctionExists.c
Linking C executable cmTC_0dec3
/usr/bin/cmake -E cmake_link_script CMakeFiles/cmTC_0dec3.dir/link.txt --verbose=1
/usr/bin/cc  -DCHECK_FUNCTION_EXISTS=pthread_create    -rdynamic CMakeFiles/cmTC_0dec3.dir/CheckFunctionExists.c.o  -o cmTC_0dec3 -lpthreads 
/usr/bin/ld : ne peut trouver -lpthreads
collect2: error: ld returned 1 exit status
make[1]: *** [CMakeFiles/cmTC_0dec3.dir/build.make:87: cmTC_0dec3] Error 1
make[1] : on quitte le répertoire « /home/laurine/Documents/IMAC2/WorldIMAC/imac2-worldIMaker/build/CMakeFiles/CMakeTmp »
make: *** [Makefile:121: cmTC_0dec3/fast] Error 2


